

HI-TECH Software PIC LITE Macro Assembler V9.81 build 7503 
                                                                                               Mon Oct 24 23:34:03 2011

HI-TECH Software Omniscient Code Generator (Lite mode) build 7503
     1  0000                     opt subtitle "HI-TECH Software Omniscient Code Generator (Lite mode) build 7503"
     2                           
     3                           opt pagewidth 120
     4                           
     5                           	opt lm
     6                           
     7                           	processor	16F877
     8                           clrc	macro
     9                           	bcf	3,0
    10  0000                     	endm
    11                           clrz	macro
    12                           	bcf	3,2
    13  0000                     	endm
    14                           setc	macro
    15                           	bsf	3,0
    16  0000                     	endm
    17                           setz	macro
    18                           	bsf	3,2
    19  0000                     	endm
    20                           skipc	macro
    21                           	btfss	3,0
    22  0000                     	endm
    23                           skipz	macro
    24                           	btfss	3,2
    25  0000                     	endm
    26                           skipnc	macro
    27                           	btfsc	3,0
    28  0000                     	endm
    29                           skipnz	macro
    30                           	btfsc	3,2
    31  0000                     	endm
    32  0000                     indf	equ	0
    33  0000                     indf0	equ	0
    34  0002                     pc	equ	2
    35  0002                     pcl	equ	2
    36  0003                     status	equ	3
    37  0004                     fsr	equ	4
    38  0004                     fsr0	equ	4
    39  0001                     c	equ	1
    40  0000                     z	equ	0
    41  000A                     pclath	equ	10
    42                           	FNROOT	_main
    43                           	global	_INTCON
    44                           psect	maintext,global,class=CODE,delta=2
    45                           global __pmaintext
    46  076D                     __pmaintext:
    47  000B                     _INTCON	set	11
    48                           	global	_PORTA
    49  0005                     _PORTA	set	5
    50                           	global	_PORTB
    51  0006                     _PORTB	set	6
    52                           	global	_PORTD
    53  0008                     _PORTD	set	8
    54                           	global	_RCSTA
    55  0018                     _RCSTA	set	24
    56                           	global	_TXREG
    57  0019                     _TXREG	set	25
    58                           	global	_CREN
    59  00C4                     _CREN	set	196
    60                           	global	_GIE
    61  005F                     _GIE	set	95
    62                           	global	_PEIE
    63  005E                     _PEIE	set	94
    64                           	global	_SPEN
    65  00C7                     _SPEN	set	199
    66                           	global	_TMR0IE
    67  005D                     _TMR0IE	set	93
    68                           	global	_TXIF
    69  0064                     _TXIF	set	100
    70                           	global	_PIE1
    71  008C                     _PIE1	set	140
    72                           	global	_SPBRG
    73  0099                     _SPBRG	set	153
    74                           	global	_TRISA
    75  0085                     _TRISA	set	133
    76                           	global	_TRISB
    77  0086                     _TRISB	set	134
    78                           	global	_TRISD
    79  0088                     _TRISD	set	136
    80                           	global	_TXSTA
    81  0098                     _TXSTA	set	152
    82                           	global	_PS0
    83  0408                     _PS0	set	1032
    84                           	global	_PS1
    85  0409                     _PS1	set	1033
    86                           	global	_PS2
    87  040A                     _PS2	set	1034
    88                           	global	_PSA
    89  040B                     _PSA	set	1035
    90                           	global	_RCIE
    91  0465                     _RCIE	set	1125
    92                           	global	_T0CS
    93  040D                     _T0CS	set	1037
    94                           	global	_TXEN
    95  04C5                     _TXEN	set	1221
    96                           	global	_TXIE
    97  0464                     _TXIE	set	1124
    98                           	file	"envoie_trame.as"
    99                           	line	#
   100                           psect cinit,class=CODE,delta=2
   101                           global start_initialization
   102  0769                     start_initialization:
   103                           
   104                           psect cinit,class=CODE,delta=2
   105                           global end_of_initialization
   106                           
   107                           ;End of C runtime variable initialization code
   108                           
   109  0769                     end_of_initialization:
   110  0769  0183               clrf status
   111  076A  120A  118A  2F6D   ljmp _main	;jump to C main() function
   112                           psect	cstackCOMMON,class=COMMON,space=1
   113                           global __pcstackCOMMON
   114  0070                     __pcstackCOMMON:
   115                           	global	?_main
   116  0070                     ?_main:	; 0 bytes @ 0x0
   117                           	global	??_main
   118  0070                     ??_main:	; 0 bytes @ 0x0
   119  0070                     	ds	1
   120                           	global	main@j
   121  0071                     main@j:	; 1 bytes @ 0x1
   122  0071                     	ds	1
   123                           	global	main@couple
   124  0072                     main@couple:	; 1 bytes @ 0x2
   125  0072                     	ds	1
   126 ;;Data sizes: Strings 0, constant 0, data 0, bss 0, persistent 0 stack 0
   127 ;;Auto spaces:   Size  Autos    Used
   128 ;; COMMON          14      3       3
   129 ;; BANK0           80      0       0
   130 ;; BANK1           80      0       0
   131 ;; BANK3           96      0       0
   132 ;; BANK2           96      0       0
   133                           
   134 ;;
   135 ;; Pointer list with targets:
   136                           
   137                           
   138                           
   139 ;;
   140 ;; Critical Paths under _main in COMMON
   141 ;;
   142 ;;   None.
   143 ;;
   144 ;; Critical Paths under _main in BANK0
   145 ;;
   146 ;;   None.
   147 ;;
   148 ;; Critical Paths under _main in BANK1
   149 ;;
   150 ;;   None.
   151 ;;
   152 ;; Critical Paths under _main in BANK3
   153 ;;
   154 ;;   None.
   155 ;;
   156 ;; Critical Paths under _main in BANK2
   157 ;;
   158 ;;   None.
   159                           
   160 ;;
   161 ;;Main: autosize = 0, tempsize = 1, incstack = 0, save=0
   162 ;;
   163                           
   164 ;;
   165 ;;Call Graph Tables:
   166 ;;
   167 ;; ---------------------------------------------------------------------------------
   168 ;; (Depth) Function   	        Calls       Base Space   Used Autos Params    Refs
   169 ;; ---------------------------------------------------------------------------------
   170 ;; (0) _main                                                 6     6      0      60
   171 ;;                                              0 COMMON     3     3      0
   172 ;; ---------------------------------------------------------------------------------
   173 ;; Estimated maximum stack depth 0
   174 ;; ---------------------------------------------------------------------------------
   175                           
   176 ;; Call Graph Graphs:
   177                           
   178 ;; _main (ROOT)
   179 ;;
   180                           
   181 ;; Address spaces:
   182                           
   183 ;;Name               Size   Autos  Total    Cost      Usage
   184 ;;BITCOMMON            E      0       0       0        0.0%
   185 ;;EEDATA             100      0       0       0        0.0%
   186 ;;NULL                 0      0       0       0        0.0%
   187 ;;CODE                 0      0       0       0        0.0%
   188 ;;COMMON               E      3       3       1       21.4%
   189 ;;BITSFR0              0      0       0       1        0.0%
   190 ;;SFR0                 0      0       0       1        0.0%
   191 ;;BITSFR1              0      0       0       2        0.0%
   192 ;;SFR1                 0      0       0       2        0.0%
   193 ;;STACK                0      0       0       2        0.0%
   194 ;;ABS                  0      0       0       3        0.0%
   195 ;;BITBANK0            50      0       0       4        0.0%
   196 ;;BITSFR3              0      0       0       4        0.0%
   197 ;;SFR3                 0      0       0       4        0.0%
   198 ;;BANK0               50      0       0       5        0.0%
   199 ;;BITSFR2              0      0       0       5        0.0%
   200 ;;SFR2                 0      0       0       5        0.0%
   201 ;;BITBANK1            50      0       0       6        0.0%
   202 ;;BANK1               50      0       0       7        0.0%
   203 ;;BITBANK3            60      0       0       8        0.0%
   204 ;;BANK3               60      0       0       9        0.0%
   205 ;;BITBANK2            60      0       0      10        0.0%
   206 ;;BANK2               60      0       0      11        0.0%
   207 ;;DATA                 0      0       0      12        0.0%
   208                           
   209                           	global	_main
   210                           psect	maintext
   211                           
   212 ;; *************** function _main *****************
   213 ;; Defined at:
   214 ;;		line 26 in file "C:\Users\Yoann\Documents\MIQ5\S1\Miqmobile\Pic\envoie_trame\envoie_trame.c"
   215 ;; Parameters:    Size  Location     Type
   216 ;;		None
   217 ;; Auto vars:     Size  Location     Type
   218 ;;  couple          1    2[COMMON] unsigned char 
   219 ;;  j               1    1[COMMON] unsigned char 
   220 ;;  i               1    0        unsigned char 
   221 ;;  check           1    0        unsigned char 
   222 ;;  code            1    0        unsigned char 
   223 ;; Return value:  Size  Location     Type
   224 ;;		None               void
   225 ;; Registers used:
   226 ;;		wreg, status,2, status,0
   227 ;; Tracked objects:
   228 ;;		On entry : 17F/0
   229 ;;		On exit  : 0/0
   230 ;;		Unchanged: 0/0
   231 ;; Data sizes:     COMMON   BANK0   BANK1   BANK3   BANK2
   232 ;;      Params:         0       0       0       0       0
   233 ;;      Locals:         2       0       0       0       0
   234 ;;      Temps:          1       0       0       0       0
   235 ;;      Totals:         3       0       0       0       0
   236 ;;Total ram usage:        3 bytes
   237 ;; This function calls:
   238 ;;		Nothing
   239 ;; This function is called by:
   240 ;;		Startup code after reset
   241 ;; This function uses a non-reentrant model
   242 ;;
   243                           psect	maintext
   244                           	file	"C:\Users\Yoann\Documents\MIQ5\S1\Miqmobile\Pic\envoie_trame\envoie_trame.c"
   245                           	line	26
   246                           	global	__size_of_main
   247  0093                     	__size_of_main	equ	__end_of_main-_main
   248                           	
   249  076D                     _main:	
   250                           	opt	stack 8
   251                           ; Regs used in _main: [wreg+status,2+status,0]
   252                           	line	47
   253                           	
   254  076D                     l1045:	
   255                           ;envoie_trame.c: 30: char code;
   256                           ;envoie_trame.c: 31: char check;
   257                           ;envoie_trame.c: 32: char i,j;
   258                           ;envoie_trame.c: 33: char couple;
   259                           ;envoie_trame.c: 47: TXSTA=0b00000110;
   260  076D  3006               	movlw	(06h)
   261  076E  1683               	bsf	status, 5	;RP0=1, select bank1
   262  076F  1303               	bcf	status, 6	;RP1=0, select bank1
   263  0770  0098               	movwf	(152)^080h	;volatile
   264                           	line	48
   265                           ;envoie_trame.c: 48: RCSTA=0b10001110;
   266  0771  308E               	movlw	(08Eh)
   267  0772  1283               	bcf	status, 5	;RP0=0, select bank0
   268  0773  1303               	bcf	status, 6	;RP1=0, select bank0
   269  0774  0098               	movwf	(24)	;volatile
   270                           	line	49
   271                           ;envoie_trame.c: 49: SPBRG=20;
   272  0775  3014               	movlw	(014h)
   273  0776  1683               	bsf	status, 5	;RP0=1, select bank1
   274  0777  1303               	bcf	status, 6	;RP1=0, select bank1
   275  0778  0099               	movwf	(153)^080h	;volatile
   276                           	line	51
   277                           	
   278  0779                     l1047:	
   279                           ;envoie_trame.c: 51: INTCON=0;
   280  0779  018B               	clrf	(11)	;volatile
   281                           	line	52
   282                           	
   283  077A                     l1049:	
   284                           ;envoie_trame.c: 52: PIE1=0;
   285  077A  018C               	clrf	(140)^080h	;volatile
   286                           	line	53
   287                           	
   288  077B                     l1051:	
   289                           ;envoie_trame.c: 53: TXEN=1;
   290  077B  1698               	bsf	(1221/8)^080h,(1221)&7
   291                           	line	54
   292                           	
   293  077C                     l1053:	
   294                           ;envoie_trame.c: 54: SPEN=1;
   295  077C  1283               	bcf	status, 5	;RP0=0, select bank0
   296  077D  1303               	bcf	status, 6	;RP1=0, select bank0
   297  077E  1798               	bsf	(199/8),(199)&7
   298                           	line	55
   299                           	
   300  077F                     l1055:	
   301                           ;envoie_trame.c: 55: TXIE=1;
   302  077F  1683               	bsf	status, 5	;RP0=1, select bank1
   303  0780  1303               	bcf	status, 6	;RP1=0, select bank1
   304  0781  160C               	bsf	(1124/8)^080h,(1124)&7
   305                           	line	56
   306                           	
   307  0782                     l1057:	
   308                           ;envoie_trame.c: 56: CREN=1;
   309  0782  1283               	bcf	status, 5	;RP0=0, select bank0
   310  0783  1303               	bcf	status, 6	;RP1=0, select bank0
   311  0784  1618               	bsf	(196/8),(196)&7
   312                           	line	57
   313                           	
   314  0785                     l1059:	
   315                           ;envoie_trame.c: 57: GIE=0;
   316  0785  138B               	bcf	(95/8),(95)&7
   317                           	line	58
   318                           	
   319  0786                     l1061:	
   320                           ;envoie_trame.c: 58: PEIE=1;
   321  0786  170B               	bsf	(94/8),(94)&7
   322                           	line	59
   323                           	
   324  0787                     l1063:	
   325                           ;envoie_trame.c: 59: RCIE=1;
   326  0787  1683               	bsf	status, 5	;RP0=1, select bank1
   327  0788  1303               	bcf	status, 6	;RP1=0, select bank1
   328  0789  168C               	bsf	(1125/8)^080h,(1125)&7
   329                           	line	62
   330                           	
   331  078A                     l1065:	
   332                           ;envoie_trame.c: 62: TMR0IE=1;
   333  078A  168B               	bsf	(93/8),(93)&7
   334                           	line	63
   335                           	
   336  078B                     l1067:	
   337                           ;envoie_trame.c: 63: T0CS=0;
   338  078B  1281               	bcf	(1037/8)^080h,(1037)&7
   339                           	line	64
   340                           	
   341  078C                     l1069:	
   342                           ;envoie_trame.c: 64: PSA=1;
   343  078C  1581               	bsf	(1035/8)^080h,(1035)&7
   344                           	line	65
   345                           	
   346  078D                     l1071:	
   347                           ;envoie_trame.c: 65: PS2=1;
   348  078D  1501               	bsf	(1034/8)^080h,(1034)&7
   349                           	line	66
   350                           	
   351  078E                     l1073:	
   352                           ;envoie_trame.c: 66: PS1=1;
   353  078E  1481               	bsf	(1033/8)^080h,(1033)&7
   354                           	line	67
   355                           	
   356  078F                     l1075:	
   357                           ;envoie_trame.c: 67: PS0=1;
   358  078F  1401               	bsf	(1032/8)^080h,(1032)&7
   359                           	line	72
   360                           	
   361  0790                     l1077:	
   362                           ;envoie_trame.c: 72: TRISA=0b00000000;
   363  0790  0185               	clrf	(133)^080h	;volatile
   364                           	line	73
   365                           	
   366  0791                     l1079:	
   367                           ;envoie_trame.c: 73: TRISB=0b11111111;
   368  0791  30FF               	movlw	(0FFh)
   369  0792  0086               	movwf	(134)^080h	;volatile
   370                           	line	74
   371                           ;envoie_trame.c: 74: TRISD=0b00000000;
   372  0793  0188               	clrf	(136)^080h	;volatile
   373                           	line	75
   374                           ;envoie_trame.c: 75: PORTA=0;
   375  0794  1283               	bcf	status, 5	;RP0=0, select bank0
   376  0795  1303               	bcf	status, 6	;RP1=0, select bank0
   377  0796  0185               	clrf	(5)	;volatile
   378                           	line	76
   379                           ;envoie_trame.c: 76: PORTD=0;
   380  0797  0188               	clrf	(8)	;volatile
   381  0798  2F99               	goto	l1081
   382                           	line	78
   383                           ;envoie_trame.c: 78: while(1){
   384                           	
   385  0799                     l641:	
   386                           	line	80
   387                           	
   388  0799                     l1081:	
   389                           ;envoie_trame.c: 80: for(j=0;j<1000;j++){
   390  0799  01F1               	clrf	(main@j)
   391  079A  2F9C               	goto	l1085
   392                           	
   393  079B                     l1083:	
   394  079B  2FCE               	goto	l1097
   395                           	
   396  079C                     l642:	
   397                           	line	81
   398                           	
   399  079C                     l1085:	
   400                           ;envoie_trame.c: 81: TXREG=0b11011001;
   401  079C  30D9               	movlw	(0D9h)
   402  079D  0099               	movwf	(25)	;volatile
   403                           	line	82
   404                           ;envoie_trame.c: 82: while(!TXIF);
   405  079E  2F9F               	goto	l644
   406                           	
   407  079F                     l645:	
   408                           	
   409  079F                     l644:	
   410  079F  1E0C               	btfss	(100/8),(100)&7
   411  07A0  2FA2               	goto	u11
   412  07A1  2FA3               	goto	u10
   413  07A2                     u11:
   414  07A2  2F9F               	goto	l644
   415  07A3                     u10:
   416                           	
   417  07A3                     l646:	
   418                           	line	83
   419                           ;envoie_trame.c: 83: TXIF=0;
   420  07A3  120C               	bcf	(100/8),(100)&7
   421                           	line	84
   422                           	
   423  07A4                     l1087:	
   424                           ;envoie_trame.c: 84: TXREG=153;
   425  07A4  3099               	movlw	(099h)
   426  07A5  0099               	movwf	(25)	;volatile
   427                           	line	85
   428                           ;envoie_trame.c: 85: while(!TXIF);
   429  07A6  2FA7               	goto	l647
   430                           	
   431  07A7                     l648:	
   432                           	
   433  07A7                     l647:	
   434  07A7  1E0C               	btfss	(100/8),(100)&7
   435  07A8  2FAA               	goto	u21
   436  07A9  2FAB               	goto	u20
   437  07AA                     u21:
   438  07AA  2FA7               	goto	l647
   439  07AB                     u20:
   440                           	
   441  07AB                     l649:	
   442                           	line	86
   443                           ;envoie_trame.c: 86: TXIF=0;
   444  07AB  120C               	bcf	(100/8),(100)&7
   445                           	line	87
   446                           	
   447  07AC                     l1089:	
   448                           ;envoie_trame.c: 87: TXREG=139;
   449  07AC  308B               	movlw	(08Bh)
   450  07AD  0099               	movwf	(25)	;volatile
   451                           	line	88
   452                           ;envoie_trame.c: 88: while(!TXIF);
   453  07AE  2FAF               	goto	l650
   454                           	
   455  07AF                     l651:	
   456                           	
   457  07AF                     l650:	
   458  07AF  1E0C               	btfss	(100/8),(100)&7
   459  07B0  2FB2               	goto	u31
   460  07B1  2FB3               	goto	u30
   461  07B2                     u31:
   462  07B2  2FAF               	goto	l650
   463  07B3                     u30:
   464                           	
   465  07B3                     l652:	
   466                           	line	89
   467                           ;envoie_trame.c: 89: TXIF=0;
   468  07B3  120C               	bcf	(100/8),(100)&7
   469                           	line	90
   470                           	
   471  07B4                     l1091:	
   472                           ;envoie_trame.c: 90: couple =PORTB;
   473  07B4  0806               	movf	(6),w	;volatile
   474  07B5  00F0               	movwf	(??_main+0)+0
   475  07B6  0870               	movf	(??_main+0)+0,w
   476  07B7  00F2               	movwf	(main@couple)
   477                           	line	91
   478                           ;envoie_trame.c: 91: TXREG=couple;
   479  07B8  0872               	movf	(main@couple),w
   480  07B9  0099               	movwf	(25)	;volatile
   481                           	line	92
   482                           ;envoie_trame.c: 92: while(!TXIF);
   483  07BA  2FBB               	goto	l653
   484                           	
   485  07BB                     l654:	
   486                           	
   487  07BB                     l653:	
   488  07BB  1E0C               	btfss	(100/8),(100)&7
   489  07BC  2FBE               	goto	u41
   490  07BD  2FBF               	goto	u40
   491  07BE                     u41:
   492  07BE  2FBB               	goto	l653
   493  07BF                     u40:
   494                           	
   495  07BF                     l655:	
   496                           	line	93
   497                           ;envoie_trame.c: 93: TXIF=0;
   498  07BF  120C               	bcf	(100/8),(100)&7
   499                           	line	94
   500                           	
   501  07C0                     l1093:	
   502                           ;envoie_trame.c: 94: TXREG=139 +couple;
   503  07C0  0872               	movf	(main@couple),w
   504  07C1  3E8B               	addlw	08Bh
   505  07C2  0099               	movwf	(25)	;volatile
   506                           	line	95
   507                           ;envoie_trame.c: 95: while(!TXIF);
   508  07C3  2FC4               	goto	l656
   509                           	
   510  07C4                     l657:	
   511                           	
   512  07C4                     l656:	
   513  07C4  1E0C               	btfss	(100/8),(100)&7
   514  07C5  2FC7               	goto	u51
   515  07C6  2FC8               	goto	u50
   516  07C7                     u51:
   517  07C7  2FC4               	goto	l656
   518  07C8                     u50:
   519                           	
   520  07C8                     l658:	
   521                           	line	96
   522                           ;envoie_trame.c: 96: TXIF=0;
   523  07C8  120C               	bcf	(100/8),(100)&7
   524                           	line	80
   525                           	
   526  07C9                     l1095:	
   527  07C9  3001               	movlw	(01h)
   528  07CA  00F0               	movwf	(??_main+0)+0
   529  07CB  0870               	movf	(??_main+0)+0,w
   530  07CC  07F1               	addwf	(main@j),f
   531  07CD  2F9C               	goto	l1085
   532                           	
   533  07CE                     l643:	
   534                           	line	104
   535                           	
   536  07CE                     l1097:	
   537                           ;envoie_trame.c: 100: }
   538                           ;envoie_trame.c: 104: TXREG=0b11011001;
   539  07CE  30D9               	movlw	(0D9h)
   540  07CF  0099               	movwf	(25)	;volatile
   541                           	line	105
   542                           ;envoie_trame.c: 105: while(!TXIF);
   543  07D0  2FD1               	goto	l659
   544                           	
   545  07D1                     l660:	
   546                           	
   547  07D1                     l659:	
   548  07D1  1E0C               	btfss	(100/8),(100)&7
   549  07D2  2FD4               	goto	u61
   550  07D3  2FD5               	goto	u60
   551  07D4                     u61:
   552  07D4  2FD1               	goto	l659
   553  07D5                     u60:
   554                           	
   555  07D5                     l661:	
   556                           	line	106
   557                           ;envoie_trame.c: 106: TXIF=0;
   558  07D5  120C               	bcf	(100/8),(100)&7
   559                           	line	107
   560                           	
   561  07D6                     l1099:	
   562                           ;envoie_trame.c: 107: TXREG=153;
   563  07D6  3099               	movlw	(099h)
   564  07D7  0099               	movwf	(25)	;volatile
   565                           	line	108
   566                           ;envoie_trame.c: 108: while(!TXIF);
   567  07D8  2FD9               	goto	l662
   568                           	
   569  07D9                     l663:	
   570                           	
   571  07D9                     l662:	
   572  07D9  1E0C               	btfss	(100/8),(100)&7
   573  07DA  2FDC               	goto	u71
   574  07DB  2FDD               	goto	u70
   575  07DC                     u71:
   576  07DC  2FD9               	goto	l662
   577  07DD                     u70:
   578                           	
   579  07DD                     l664:	
   580                           	line	109
   581                           ;envoie_trame.c: 109: TXIF=0;
   582  07DD  120C               	bcf	(100/8),(100)&7
   583                           	line	110
   584                           	
   585  07DE                     l1101:	
   586                           ;envoie_trame.c: 110: TXREG=139;
   587  07DE  308B               	movlw	(08Bh)
   588  07DF  0099               	movwf	(25)	;volatile
   589                           	line	111
   590                           ;envoie_trame.c: 111: while(!TXIF);
   591  07E0  2FE1               	goto	l665
   592                           	
   593  07E1                     l666:	
   594                           	
   595  07E1                     l665:	
   596  07E1  1E0C               	btfss	(100/8),(100)&7
   597  07E2  2FE4               	goto	u81
   598  07E3  2FE5               	goto	u80
   599  07E4                     u81:
   600  07E4  2FE1               	goto	l665
   601  07E5                     u80:
   602                           	
   603  07E5                     l667:	
   604                           	line	112
   605                           ;envoie_trame.c: 112: TXIF=0;
   606  07E5  120C               	bcf	(100/8),(100)&7
   607                           	line	113
   608                           	
   609  07E6                     l1103:	
   610                           ;envoie_trame.c: 113: couple =139;
   611  07E6  308B               	movlw	(08Bh)
   612  07E7  00F0               	movwf	(??_main+0)+0
   613  07E8  0870               	movf	(??_main+0)+0,w
   614  07E9  00F2               	movwf	(main@couple)
   615                           	line	114
   616                           ;envoie_trame.c: 114: TXREG=couple;
   617  07EA  0872               	movf	(main@couple),w
   618  07EB  0099               	movwf	(25)	;volatile
   619                           	line	115
   620                           ;envoie_trame.c: 115: while(!TXIF);
   621  07EC  2FED               	goto	l668
   622                           	
   623  07ED                     l669:	
   624                           	
   625  07ED                     l668:	
   626  07ED  1E0C               	btfss	(100/8),(100)&7
   627  07EE  2FF0               	goto	u91
   628  07EF  2FF1               	goto	u90
   629  07F0                     u91:
   630  07F0  2FED               	goto	l668
   631  07F1                     u90:
   632                           	
   633  07F1                     l670:	
   634                           	line	116
   635                           ;envoie_trame.c: 116: TXIF=0;
   636  07F1  120C               	bcf	(100/8),(100)&7
   637                           	line	117
   638                           	
   639  07F2                     l1105:	
   640                           ;envoie_trame.c: 117: TXREG=139 +couple;
   641  07F2  0872               	movf	(main@couple),w
   642  07F3  3E8B               	addlw	08Bh
   643  07F4  0099               	movwf	(25)	;volatile
   644                           	line	118
   645                           ;envoie_trame.c: 118: while(!TXIF);
   646  07F5  2FF6               	goto	l671
   647                           	
   648  07F6                     l672:	
   649                           	
   650  07F6                     l671:	
   651  07F6  1E0C               	btfss	(100/8),(100)&7
   652  07F7  2FF9               	goto	u101
   653  07F8  2FFA               	goto	u100
   654  07F9                     u101:
   655  07F9  2FF6               	goto	l671
   656  07FA                     u100:
   657                           	
   658  07FA                     l673:	
   659                           	line	119
   660                           ;envoie_trame.c: 119: TXIF=0;
   661  07FA  120C               	bcf	(100/8),(100)&7
   662  07FB  2F99               	goto	l1081
   663                           	line	121
   664                           	
   665  07FC                     l674:	
   666                           	line	78
   667  07FC  2F99               	goto	l1081
   668                           	
   669  07FD                     l675:	
   670                           	line	123
   671                           	
   672  07FD                     l676:	
   673                           	global	start
   674  07FD  120A  118A  2800   	ljmp	start
   675                           	opt stack 0
   676                           GLOBAL	__end_of_main
   677  0800                     	__end_of_main:
   678 ;; =============== function _main ends ============
   679                           
   680                           	signat	_main,88
   681                           psect	maintext
   682                           	global	btemp
   683  007E                     	btemp set 07Eh
   684                           
   685                           	DABS	1,126,2	;btemp
   686                           	global	wtemp0
   687  007E                     	wtemp0 set btemp


HI-TECH Software PICC Macro Assembler V9.81 build 7503 
Symbol Table                                                                                   Mon Oct 24 23:34:03 2011

                  u10 07A3                    u11 07A2                    u20 07AB                    u21 07AA  
                  u30 07B3                    u31 07B2                    u40 07BF                    u41 07BE  
                  u50 07C8                    u51 07C7                    u60 07D5                    u61 07D4  
                  u70 07DD                    u71 07DC                    u80 07E5                    u81 07E4  
                  u90 07F1                    u91 07F0                   l641 0799                   l650 07AF  
                 l642 079C                   l643 07CE                   l651 07AF                   l660 07D1  
                 l652 07B3                   l644 079F                   l661 07D5                   l653 07BB  
                 l645 079F                   l670 07F1                   l662 07D9                   l654 07BB  
                 l646 07A3                   l671 07F6                   l663 07D9                   l655 07BF  
                 l647 07A7                   l672 07F6                   l664 07DD                   l656 07C4  
                 l648 07A7                   l673 07FA                   l665 07E1                   l657 07C4  
                 l649 07AB                   l674 07FC                   l666 07E1                   l658 07C8  
                 l675 07FD                   l667 07E5                   l659 07D1                   l676 07FD  
                 l668 07ED                   l669 07ED                   _GIE 005F                   u100 07FA  
                 u101 07F9                   _PS0 0408                   _PS1 0409                   _PS2 040A  
                 _PSA 040B                  l1101 07DE                  l1103 07E6                  l1105 07F2  
                l1051 077B                  l1061 0786                  l1053 077C                  l1045 076D  
                l1071 078D                  l1063 0787                  l1055 077F                  l1047 0779  
                l1081 0799                  l1073 078E                  l1065 078A                  l1057 0782  
                l1049 077A                  l1091 07B4                  l1083 079B                  l1075 078F  
                l1067 078B                  l1059 0785                  l1093 07C0                  l1085 079C  
                l1077 0790                  l1069 078C                  l1095 07C9                  l1087 07A4  
                l1079 0791                  l1089 07AC                  l1097 07CE                  l1099 07D6  
                _CREN 00C4                  _T0CS 040D                  _PIE1 008C                  _PEIE 005E  
                _RCIE 0465                  _SPEN 00C7                  _TXIE 0464                  _TXEN 04C5  
                _TXIF 0064                  _main 076D                  btemp 007E                  start 0000  
               ?_main 0070                 _RCSTA 0018                 _SPBRG 0099                 _PORTA 0005  
               _PORTB 0006                 _PORTD 0008                 _TRISA 0085                 _TRISB 0086  
               _TRISD 0088                 _TXREG 0019                 _TXSTA 0098                 main@j 0071  
               status 0003                 wtemp0 007E          __end_of_main 0800                ??_main 0070  
              _INTCON 000B                _TMR0IE 005D        __pcstackCOMMON 0070            __pmaintext 076D  
end_of_initialization 0769            main@couple 0072   start_initialization 0769         __size_of_main 0093  
